[02:07:33] [modloading-worker-0/INFO] ========================================
[02:07:33] [modloading-worker-0/INFO] Minecraft: 1.20.1
[02:07:33] [modloading-worker-0/INFO] Side: server
[02:07:33] [modloading-worker-0/INFO] Development: false
[02:07:33] [modloading-worker-0/INFO] Version: 12.1.785
[02:07:33] [modloading-worker-0/INFO] Loader:
[02:07:33] [modloading-worker-0/INFO] - Forge: 47.3.7
[02:07:33] [modloading-worker-0/INFO] Dependencies:
[02:07:33] [modloading-worker-0/INFO] - Cloth Config: 11.1.136
[02:07:33] [modloading-worker-0/INFO] - Architectury: 9.2.14
[02:07:33] [modloading-worker-0/INFO] Mixin: 0.8.5
[02:07:33] [modloading-worker-0/INFO] OS: Linux 6.8.0-1021-azure (amd64)
[02:07:33] [modloading-worker-0/INFO] Java: 17.0.14 (Ubuntu)
[02:07:33] [modloading-worker-0/INFO] ========================================
[02:07:33] [modloading-worker-0/INFO] Mods:
[02:07:33] [modloading-worker-0/INFO] - alexsmobs: 1.22.8
[02:07:33] [modloading-worker-0/INFO] - appleskin: 2.5.1+mc1.20.1
[02:07:33] [modloading-worker-0/INFO] - aquamirae: 6.API15
[02:07:33] [modloading-worker-0/INFO] - architectury: 9.2.14
[02:07:33] [modloading-worker-0/INFO] - artifacts: 9.5.11
[02:07:33] [modloading-worker-0/INFO] - balm: 7.3.9
[02:07:33] [modloading-worker-0/INFO] - biomemakeover: 1.20.1-1.11.4
[02:07:33] [modloading-worker-0/INFO] - carryon: 2.1.2.7
[02:07:33] [modloading-worker-0/INFO] - cataclysm: 2.62
[02:07:33] [modloading-worker-0/INFO] - cfm: 7.0.0-pre36
[02:07:33] [modloading-worker-0/INFO] - citadel: 2.5.7
[02:07:33] [modloading-worker-0/INFO] - cloth_config: 11.1.136
[02:07:33] [modloading-worker-0/INFO] - collective: 7.85
[02:07:33] [modloading-worker-0/INFO] - configlibtxf: 4.2.6-forge
[02:07:33] [modloading-worker-0/INFO] - cosmeticarmorreworked: 1.20.1-v1a
[02:07:33] [modloading-worker-0/INFO] - crittersandcompanions: 2.2.2
[02:07:33] [modloading-worker-0/INFO] - curios: 5.12.1+1.20.1
[02:07:33] [modloading-worker-0/INFO] - cyclopscore: 1.19.9
[02:07:33] [modloading-worker-0/INFO] - dungeons_arise: 2.1.58-1.20.x
[02:07:33] [modloading-worker-0/INFO] - dynamiclights: 1.20.1.2
[02:07:33] [modloading-worker-0/INFO] - easy_emerald: 1.5.8
[02:07:33] [modloading-worker-0/INFO] - easy_villagers: 1.20.1-1.1.23
[02:07:33] [modloading-worker-0/INFO] - elevatorid: 1.20.1-lex-1.9
[02:07:33] [modloading-worker-0/INFO] - elysium_api: 1.0.2
[02:07:33] [modloading-worker-0/INFO] - enchantinginfuser: 8.0.2
[02:07:33] [modloading-worker-0/INFO] - evilcraft: 1.2.52
[02:07:33] [modloading-worker-0/INFO] - evilcraftcompat: 1.2.52
[02:07:33] [modloading-worker-0/INFO] - expandability: 9.0.4
[02:07:33] [modloading-worker-0/INFO] - explorify: 1.6.2
[02:07:33] [modloading-worker-0/INFO] - forge: 47.3.7
[02:07:33] [modloading-worker-0/INFO] - geckolib: 4.4.9
[02:07:33] [modloading-worker-0/INFO] - geophilic: 2.0.0-mc1.20u1.20.1
[02:07:33] [modloading-worker-0/INFO] - hangglider: 8.0.1
[02:07:33] [modloading-worker-0/INFO] - iceandfire: 2.1.13-1.20.1-beta-4
[02:07:33] [modloading-worker-0/INFO] - infernalmobs: 1.20.1.3
[02:07:33] [modloading-worker-0/INFO] - ironbookshelves: 1.20.1-1.4.7-forge
[02:07:33] [modloading-worker-0/INFO] - jade: 11.11.1+forge
[02:07:33] [modloading-worker-0/INFO] - journeymap: 5.10.3
[02:07:33] [modloading-worker-0/INFO] - kuma_api: 20.1.8
[02:07:33] [modloading-worker-0/INFO] - lionfishapi: 2.4-Fix
[02:07:33] [modloading-worker-0/INFO] - magnumtorch: 8.0.2
[02:07:33] [modloading-worker-0/INFO] - measurements: 2.0.0
[02:07:33] [modloading-worker-0/INFO] - minecraft: 1.20.1
[02:07:33] [modloading-worker-0/INFO] - mixinextras: 0.4.1
[02:07:33] [modloading-worker-0/INFO] - mr_serversleep: 1-datapack
[02:07:33] [modloading-worker-0/INFO] - mutantmonsters: 8.0.7
[02:07:33] [modloading-worker-0/INFO] - netherexp: 2.2.1
[02:07:33] [modloading-worker-0/INFO] - not_just_sandwich: 1.9.1
[02:07:33] [modloading-worker-0/INFO] - obscure_api: 15
[02:07:33] [modloading-worker-0/INFO] - puzzlesaccessapi: 8.0.7
[02:07:33] [modloading-worker-0/INFO] - puzzleslib: 8.1.25
[02:07:33] [modloading-worker-0/INFO] - reap: 1.20.1-1.0.2
[02:07:33] [modloading-worker-0/INFO] - ribbits: 1.20.1-Forge-3.0.4
[02:07:33] [modloading-worker-0/INFO] - roughlyenoughitems: 12.1.785
[02:07:33] [modloading-worker-0/INFO] - securitycraft: 1.9.12
[02:07:33] [modloading-worker-0/INFO] - sophisticatedbackpacks: 3.20.5.1044
[02:07:33] [modloading-worker-0/INFO] - sophisticatedcore: 0.6.22.611
[02:07:33] [modloading-worker-0/INFO] - taniwha: 1.20.0-5.4.4
[02:07:33] [modloading-worker-0/INFO] - tectonic: 2.4.1
[02:07:33] [modloading-worker-0/INFO] - tombstone: 8.9.0
[02:07:33] [modloading-worker-0/INFO] - trashslot: 15.1.0
[02:07:33] [modloading-worker-0/INFO] - treeharvester: 9.1
[02:07:33] [modloading-worker-0/INFO] - twilightforest: 4.3.2508
[02:07:33] [modloading-worker-0/INFO] - yungsapi: 1.20-Forge-4.0.6
[02:07:33] [modloading-worker-0/INFO] ========================================
[02:07:33] [modloading-worker-0/INFO] [REI] Registered plugin provider DefaultPluginImpl [roughlyenoughitems] for REIServerPlugin
[02:07:33] [modloading-worker-0/INFO] [REI] Registered plugin provider DefaultPluginImpl [roughlyenoughitems] for REIPlugin
[02:07:33] [modloading-worker-0/INFO] [REI] Registered plugin provider DefaultRuntimePlugin [roughlyenoughitems] for REIServerPlugin
[02:07:33] [modloading-worker-0/INFO] [REI] Registered plugin provider DefaultRuntimePlugin [roughlyenoughitems] for REIPlugin
[02:07:49] [Worker-Main-2/DEBUG] [REI] Processed 3 tags in 657.7 μs for minecraft:instrument
[02:07:49] [Worker-Main-3/DEBUG] [REI] Processed 2 tags in 29.07 μs for minecraft:cat_variant
[02:07:49] [Worker-Main-1/DEBUG] [REI] Processed 0 tags in 21.37 μs for minecraft:damage_type
[02:07:49] [Worker-Main-2/DEBUG] [REI] Processed 5 tags in 195.3 μs for minecraft:game_event
[02:07:49] [Worker-Main-2/DEBUG] [REI] Processed 0 tags in 42.19 μs for minecraft:worldgen/structure
[02:07:49] [Worker-Main-3/DEBUG] [REI] Processed 2 tags in 64.26 μs for minecraft:mob_effect
[02:07:49] [Worker-Main-3/DEBUG] [REI] Processed 2 tags in 30.91 μs for minecraft:block_entity_type
[02:07:49] [Worker-Main-2/DEBUG] [REI] Processed 114 tags in 2.414 ms for minecraft:entity_type
[02:07:49] [Worker-Main-2/DEBUG] [REI] Processed 2 tags in 22.06 μs for minecraft:enchantment
[02:07:49] [Worker-Main-2/DEBUG] [REI] Processed 0 tags in 7.023 μs for minecraft:worldgen/flat_level_generator_preset
[02:07:49] [Worker-Main-2/DEBUG] [REI] Processed 1 tags in 30.56 μs for minecraft:painting_variant
[02:07:49] [Worker-Main-2/DEBUG] [REI] Processed 3 tags in 79.22 μs for minecraft:point_of_interest_type
[02:07:49] [Worker-Main-2/DEBUG] [REI] Processed 0 tags in 5.361 μs for minecraft:worldgen/world_preset
[02:07:49] [Worker-Main-2/DEBUG] [REI] Processed 0 tags in 7.374 μs for twilight:wood_palettes
[02:07:49] [Worker-Main-2/DEBUG] [REI] Processed 40 tags in 146.8 μs for minecraft:banner_pattern
[02:07:49] [Worker-Main-2/DEBUG] [REI] Processed 0 tags in 7.634 μs for minecraft:worldgen/structure_set
[02:07:49] [Worker-Main-2/DEBUG] [REI] Processed 6 tags in 229.5 μs for minecraft:fluid
[02:07:49] [Worker-Main-3/DEBUG] [REI] Processed 562 tags in 6.840 ms for minecraft:item
[02:07:49] [Worker-Main-2/DEBUG] [REI] Processed 0 tags in 104.1 μs for minecraft:worldgen/biome
[02:07:49] [Worker-Main-1/DEBUG] [REI] Processed 536 tags in 4.684 ms for minecraft:block
[02:07:51] [main/DEBUG] [REI] Starting Reload Plugins of stage null
java.lang.Throwable
	at TRANSFORMER/roughlyenoughitems@12.1.785/me.shedaniel.rei.impl.common.plugins.ReloadManagerImpl.reloadPlugins(ReloadManagerImpl.java:110)
	at TRANSFORMER/roughlyenoughitems@12.1.785/me.shedaniel.rei.RoughlyEnoughItemsCore.lambda$onInitialize$5(RoughlyEnoughItemsCore.java:163)
	at java.base/java.util.concurrent.CompletableFuture$UniRun.tryFire(CompletableFuture.java:787)
	at java.base/java.util.concurrent.CompletableFuture$Completion.run(CompletableFuture.java:482)
	at TRANSFORMER/minecraft@1.20.1/net.minecraft.server.packs.resources.SimpleReloadInstance.m_143940_(SimpleReloadInstance.java:69)
	at TRANSFORMER/minecraft@1.20.1/net.minecraft.Util.m_214652_(Util.java:783)
	at TRANSFORMER/minecraft@1.20.1/net.minecraft.Util.m_214679_(Util.java:772)
	at TRANSFORMER/minecraft@1.20.1/net.minecraft.server.Main.main(Main.java:166)
	at java.base/jdk.internal.reflect.NativeMethodAccessorImpl.invoke0(Native Method)
	at java.base/jdk.internal.reflect.NativeMethodAccessorImpl.invoke(NativeMethodAccessorImpl.java:77)
	at java.base/jdk.internal.reflect.DelegatingMethodAccessorImpl.invoke(DelegatingMethodAccessorImpl.java:43)
	at java.base/java.lang.reflect.Method.invoke(Method.java:569)
	at MC-BOOTSTRAP/fmlloader@1.20.1-47.3.7/net.minecraftforge.fml.loading.targets.CommonLaunchHandler.runTarget(CommonLaunchHandler.java:111)
	at MC-BOOTSTRAP/fmlloader@1.20.1-47.3.7/net.minecraftforge.fml.loading.targets.CommonLaunchHandler.serverService(CommonLaunchHandler.java:103)
	at MC-BOOTSTRAP/fmlloader@1.20.1-47.3.7/net.minecraftforge.fml.loading.targets.CommonServerLaunchHandler.lambda$makeService$0(CommonServerLaunchHandler.java:27)
	at MC-BOOTSTRAP/cpw.mods.modlauncher@10.0.9/cpw.mods.modlauncher.LaunchServiceHandlerDecorator.launch(LaunchServiceHandlerDecorator.java:30)
	at MC-BOOTSTRAP/cpw.mods.modlauncher@10.0.9/cpw.mods.modlauncher.LaunchServiceHandler.launch(LaunchServiceHandler.java:53)
	at MC-BOOTSTRAP/cpw.mods.modlauncher@10.0.9/cpw.mods.modlauncher.LaunchServiceHandler.launch(LaunchServiceHandler.java:71)
	at MC-BOOTSTRAP/cpw.mods.modlauncher@10.0.9/cpw.mods.modlauncher.Launcher.run(Launcher.java:108)
	at MC-BOOTSTRAP/cpw.mods.modlauncher@10.0.9/cpw.mods.modlauncher.Launcher.main(Launcher.java:78)
	at MC-BOOTSTRAP/cpw.mods.modlauncher@10.0.9/cpw.mods.modlauncher.BootstrapLaunchConsumer.accept(BootstrapLaunchConsumer.java:26)
	at MC-BOOTSTRAP/cpw.mods.modlauncher@10.0.9/cpw.mods.modlauncher.BootstrapLaunchConsumer.accept(BootstrapLaunchConsumer.java:23)
	at cpw.mods.bootstraplauncher@1.1.2/cpw.mods.bootstraplauncher.BootstrapLauncher.main(BootstrapLauncher.java:141)
[02:07:51] [main/DEBUG] [REI] ========================================
[02:07:51] [main/DEBUG] [REI] REIPlugin starting pre-reload for START.
[02:07:51] [main/DEBUG] [REI] Reloadables (7):
[02:07:51] [main/DEBUG] [REI]  - EntryTypeRegistryImpl
[02:07:51] [main/DEBUG] [REI]  - EntrySettingsAdapterRegistryImpl
[02:07:51] [main/DEBUG] [REI]  - RecipeManagerContextImpl
[02:07:51] [main/DEBUG] [REI]  - ItemComparatorRegistryImpl
[02:07:51] [main/DEBUG] [REI]  - FluidComparatorRegistryImpl
[02:07:51] [main/DEBUG] [REI]  - DisplaySerializerRegistryImpl
[02:07:51] [main/DEBUG] [REI]  - FluidSupportProviderImpl
[02:07:51] [main/DEBUG] [REI] Plugins (2):
[02:07:51] [main/DEBUG] [REI]  - (-100.00) DefaultPluginImpl of DefaultPluginImpl [roughlyenoughitems]
[02:07:51] [main/DEBUG] [REI]  - (0.00) DefaultRuntimePlugin of DefaultRuntimePlugin [roughlyenoughitems]
[02:07:51] [main/DEBUG] [REI] ========================================
[02:07:51] [main/TRACE] [REI] [REIPlugin START] Reloading Section: "pre-register/"
[02:07:51] [main/TRACE] [REI] [REIPlugin START] Reloading Section: "pre-register/DefaultPluginImpl of DefaultPluginImpl [roughlyenoughitems]/"
[02:07:51] [main/TRACE] [REI] [REIPlugin START] Reloading Section: "pre-register/DefaultPluginImpl of DefaultPluginImpl [roughlyenoughitems]/" done in 937.6 μs
[02:07:51] [main/TRACE] [REI] [REIPlugin START] Reloading Section: "pre-register/DefaultRuntimePlugin of DefaultRuntimePlugin [roughlyenoughitems]/"
[02:07:51] [main/TRACE] [REI] [REIPlugin START] Reloading Section: "pre-register/DefaultRuntimePlugin of DefaultRuntimePlugin [roughlyenoughitems]/" done in 71.19 μs
[02:07:51] [main/TRACE] [REI] [REIPlugin START] Reloading Section: "pre-register/" done in 11.23 ms
[02:07:51] [main/TRACE] [REI] [REIPlugin START] Reloading Section: "pre-stage/"
[02:07:51] [main/TRACE] [REI] [REIPlugin START] Reloading Section: "pre-stage/EntryTypeRegistryImpl/"
[02:07:51] [main/TRACE] [REI] [REIPlugin START] Reloading Section: "pre-stage/EntryTypeRegistryImpl/" done in 232.4 μs
[02:07:51] [main/TRACE] [REI] [REIPlugin START] Reloading Section: "pre-stage/EntrySettingsAdapterRegistryImpl/"
[02:07:51] [main/TRACE] [REI] [REIPlugin START] Reloading Section: "pre-stage/EntrySettingsAdapterRegistryImpl/" done in 55.88 μs
[02:07:51] [main/TRACE] [REI] [REIPlugin START] Reloading Section: "pre-stage/RecipeManagerContextImpl/"
[02:07:51] [main/TRACE] [REI] [REIPlugin START] Reloading Section: "pre-stage/RecipeManagerContextImpl/" done in 68.24 μs
[02:07:51] [main/TRACE] [REI] [REIPlugin START] Reloading Section: "pre-stage/ItemComparatorRegistryImpl/"
[02:07:51] [main/TRACE] [REI] [REIPlugin START] Reloading Section: "pre-stage/ItemComparatorRegistryImpl/" done in 59.23 μs
[02:07:51] [main/TRACE] [REI] [REIPlugin START] Reloading Section: "pre-stage/FluidComparatorRegistryImpl/"
[02:07:51] [main/TRACE] [REI] [REIPlugin START] Reloading Section: "pre-stage/FluidComparatorRegistryImpl/" done in 50.62 μs
[02:07:51] [main/TRACE] [REI] [REIPlugin START] Reloading Section: "pre-stage/DisplaySerializerRegistryImpl/"
[02:07:51] [main/TRACE] [REI] [REIPlugin START] Reloading Section: "pre-stage/DisplaySerializerRegistryImpl/" done in 56.08 μs
[02:07:51] [main/TRACE] [REI] [REIPlugin START] Reloading Section: "pre-stage/FluidSupportProviderImpl/"
[02:07:51] [main/TRACE] [REI] [REIPlugin START] Reloading Section: "pre-stage/FluidSupportProviderImpl/" done in 57.24 μs
[02:07:51] [main/TRACE] [REI] [REIPlugin START] Reloading Section: "pre-stage/" done in 1.810 ms
[02:07:51] [main/DEBUG] [REI] ========================================
[02:07:51] [main/DEBUG] [REI] REIPlugin finished pre-reload for START in 13.71 ms.
[02:07:51] [main/DEBUG] [REI] ========================================
[02:07:51] [main/DEBUG] [REI] ========================================
[02:07:51] [main/DEBUG] [REI] REIServerPlugin starting pre-reload for START.
[02:07:51] [main/DEBUG] [REI] Reloadables (2):
[02:07:51] [main/DEBUG] [REI]  - MenuInfoRegistryImpl
[02:07:51] [main/DEBUG] [REI]  - SlotAccessorRegistryImpl
[02:07:51] [main/DEBUG] [REI] Plugins (2):
[02:07:51] [main/DEBUG] [REI]  - (-100.00) DefaultPluginImpl of DefaultPluginImpl [roughlyenoughitems]
[02:07:51] [main/DEBUG] [REI]  - (0.00) DefaultRuntimePlugin of DefaultRuntimePlugin [roughlyenoughitems]
[02:07:51] [main/DEBUG] [REI] ========================================
[02:07:51] [main/TRACE] [REI] [REIServerPlugin START] Reloading Section: "pre-register/"
[02:07:51] [main/TRACE] [REI] [REIServerPlugin START] Reloading Section: "pre-register/DefaultPluginImpl of DefaultPluginImpl [roughlyenoughitems]/"
[02:07:51] [main/TRACE] [REI] [REIServerPlugin START] Reloading Section: "pre-register/DefaultPluginImpl of DefaultPluginImpl [roughlyenoughitems]/" done in 39.27 μs
[02:07:51] [main/TRACE] [REI] [REIServerPlugin START] Reloading Section: "pre-register/DefaultRuntimePlugin of DefaultRuntimePlugin [roughlyenoughitems]/"
[02:07:51] [main/TRACE] [REI] [REIServerPlugin START] Reloading Section: "pre-register/DefaultRuntimePlugin of DefaultRuntimePlugin [roughlyenoughitems]/" done in 38.63 μs
[02:07:51] [main/TRACE] [REI] [REIServerPlugin START] Reloading Section: "pre-register/" done in 330.9 μs
[02:07:51] [main/TRACE] [REI] [REIServerPlugin START] Reloading Section: "pre-stage/"
[02:07:51] [main/TRACE] [REI] [REIServerPlugin START] Reloading Section: "pre-stage/MenuInfoRegistryImpl/"
[02:07:51] [main/TRACE] [REI] [REIServerPlugin START] Reloading Section: "pre-stage/MenuInfoRegistryImpl/" done in 52.96 μs
[02:07:51] [main/TRACE] [REI] [REIServerPlugin START] Reloading Section: "pre-stage/SlotAccessorRegistryImpl/"
[02:07:51] [main/TRACE] [REI] [REIServerPlugin START] Reloading Section: "pre-stage/SlotAccessorRegistryImpl/" done in 83.80 μs
[02:07:51] [main/TRACE] [REI] [REIServerPlugin START] Reloading Section: "pre-stage/" done in 483.8 μs
[02:07:51] [main/DEBUG] [REI] ========================================
[02:07:51] [main/DEBUG] [REI] REIServerPlugin finished pre-reload for START in 1.090 ms.
[02:07:51] [main/DEBUG] [REI] ========================================
[02:07:51] [main/INFO] [REI] OOOOOOOOOOOOOOOOOOOOOOOOOOOOOOOOOOOOOOOO
[02:07:51] [main/INFO] [REI] REIPlugin starting main-reload for START.
[02:07:51] [main/DEBUG] [REI] Reloadables (7):
[02:07:51] [main/DEBUG] [REI]  - EntryTypeRegistryImpl
[02:07:51] [main/DEBUG] [REI]  - EntrySettingsAdapterRegistryImpl
[02:07:51] [main/DEBUG] [REI]  - RecipeManagerContextImpl
[02:07:51] [main/DEBUG] [REI]  - ItemComparatorRegistryImpl
[02:07:51] [main/DEBUG] [REI]  - FluidComparatorRegistryImpl
[02:07:51] [main/DEBUG] [REI]  - DisplaySerializerRegistryImpl
[02:07:51] [main/DEBUG] [REI]  - FluidSupportProviderImpl
[02:07:51] [main/INFO] [REI] Plugins (2):
[02:07:51] [main/INFO] [REI]  - (-100.00) DefaultPluginImpl of DefaultPluginImpl [roughlyenoughitems]
[02:07:51] [main/INFO] [REI]  - (0.00) DefaultRuntimePlugin of DefaultRuntimePlugin [roughlyenoughitems]
[02:07:51] [main/INFO] [REI] OOOOOOOOOOOOOOOOOOOOOOOOOOOOOOOOOOOOOOOO
[02:07:51] [main/TRACE] [REI] [REIPlugin START] Reloading Section: "start-reload/"
[02:07:51] [main/TRACE] [REI] [REIPlugin START] Reloading Section: "start-reload/EntryTypeRegistryImpl/"
[02:07:51] [main/TRACE] [REI] [REIPlugin START] Reloading Section: "start-reload/EntryTypeRegistryImpl/" done in 103.3 μs
[02:07:51] [main/TRACE] [REI] [REIPlugin START] Reloading Section: "start-reload/EntrySettingsAdapterRegistryImpl/"
[02:07:51] [main/TRACE] [REI] [REIPlugin START] Reloading Section: "start-reload/EntrySettingsAdapterRegistryImpl/" done in 56.59 μs
[02:07:51] [main/TRACE] [REI] [REIPlugin START] Reloading Section: "start-reload/RecipeManagerContextImpl/"
[02:07:51] [main/TRACE] [REI] [REIPlugin START] Reloading Section: "start-reload/RecipeManagerContextImpl/" done in 50.80 μs
[02:07:51] [main/TRACE] [REI] [REIPlugin START] Reloading Section: "start-reload/ItemComparatorRegistryImpl/"
[02:07:51] [main/TRACE] [REI] [REIPlugin START] Reloading Section: "start-reload/ItemComparatorRegistryImpl/" done in 82.04 μs
[02:07:51] [main/TRACE] [REI] [REIPlugin START] Reloading Section: "start-reload/FluidComparatorRegistryImpl/"
[02:07:51] [main/TRACE] [REI] [REIPlugin START] Reloading Section: "start-reload/FluidComparatorRegistryImpl/" done in 62.23 μs
[02:07:51] [main/TRACE] [REI] [REIPlugin START] Reloading Section: "start-reload/DisplaySerializerRegistryImpl/"
[02:07:51] [main/TRACE] [REI] [REIPlugin START] Reloading Section: "start-reload/DisplaySerializerRegistryImpl/" done in 47.39 μs
[02:07:51] [main/TRACE] [REI] [REIPlugin START] Reloading Section: "start-reload/FluidSupportProviderImpl/"
[02:07:51] [main/TRACE] [REI] [REIPlugin START] Reloading Section: "start-reload/FluidSupportProviderImpl/" done in 64.73 μs
[02:07:51] [main/TRACE] [REI] [REIPlugin START] Reloading Section: "start-reload/" done in 1.513 ms
[02:07:51] [main/DEBUG] [REI] ========================================
[02:07:51] [main/DEBUG] [REI] REIPlugin started main-reload for START.
[02:07:51] [main/DEBUG] [REI] ========================================
[02:07:51] [main/TRACE] [REI] [REIPlugin START] Reloading Section: "reloadable-plugin/EntryTypeRegistryImpl/"
[02:07:51] [main/TRACE] [REI] [REIPlugin START] Reloading Section: "reloadable-plugin/EntryTypeRegistryImpl/DefaultPluginImpl of DefaultPluginImpl [roughlyenoughitems]/"
[02:07:51] [main/TRACE] [REI] [REIPlugin START] Reloading Section: "reloadable-plugin/EntryTypeRegistryImpl/DefaultPluginImpl of DefaultPluginImpl [roughlyenoughitems]/" done in 274.9 μs
[02:07:51] [main/TRACE] [REI] [REIPlugin START] Reloading Section: "reloadable-plugin/EntryTypeRegistryImpl/DefaultRuntimePlugin of DefaultRuntimePlugin [roughlyenoughitems]/"
[02:07:51] [main/TRACE] [REI] [REIPlugin START] Reloading Section: "reloadable-plugin/EntryTypeRegistryImpl/DefaultRuntimePlugin of DefaultRuntimePlugin [roughlyenoughitems]/" done in 8.338 ms
[02:07:51] [main/TRACE] [REI] [REIPlugin START] Reloading Section: "reloadable-plugin/EntryTypeRegistryImpl/" done in 9.436 ms
[02:07:51] [main/TRACE] [REI] [REIPlugin START] Reloading Section: "reloadable-plugin/EntrySettingsAdapterRegistryImpl/"
[02:07:51] [main/TRACE] [REI] [REIPlugin START] Reloading Section: "reloadable-plugin/EntrySettingsAdapterRegistryImpl/DefaultPluginImpl of DefaultPluginImpl [roughlyenoughitems]/"
[02:07:51] [main/TRACE] [REI] [REIPlugin START] Reloading Section: "reloadable-plugin/EntrySettingsAdapterRegistryImpl/DefaultPluginImpl of DefaultPluginImpl [roughlyenoughitems]/" done in 71.44 μs
[02:07:51] [main/TRACE] [REI] [REIPlugin START] Reloading Section: "reloadable-plugin/EntrySettingsAdapterRegistryImpl/DefaultRuntimePlugin of DefaultRuntimePlugin [roughlyenoughitems]/"
[02:07:51] [main/TRACE] [REI] [REIPlugin START] Reloading Section: "reloadable-plugin/EntrySettingsAdapterRegistryImpl/DefaultRuntimePlugin of DefaultRuntimePlugin [roughlyenoughitems]/" done in 53.00 μs
[02:07:51] [main/TRACE] [REI] [REIPlugin START] Reloading Section: "reloadable-plugin/EntrySettingsAdapterRegistryImpl/" done in 487.2 μs
[02:07:51] [main/TRACE] [REI] [REIPlugin START] Reloading Section: "reloadable-plugin/RecipeManagerContextImpl/"
[02:07:51] [main/TRACE] [REI] [REIPlugin START] Reloading Section: "reloadable-plugin/RecipeManagerContextImpl/DefaultPluginImpl of DefaultPluginImpl [roughlyenoughitems]/"
[02:07:51] [main/TRACE] [REI] [REIPlugin START] Reloading Section: "reloadable-plugin/RecipeManagerContextImpl/DefaultPluginImpl of DefaultPluginImpl [roughlyenoughitems]/" done in 57.46 μs
[02:07:51] [main/TRACE] [REI] [REIPlugin START] Reloading Section: "reloadable-plugin/RecipeManagerContextImpl/DefaultRuntimePlugin of DefaultRuntimePlugin [roughlyenoughitems]/"
[02:07:51] [main/TRACE] [REI] [REIPlugin START] Reloading Section: "reloadable-plugin/RecipeManagerContextImpl/DefaultRuntimePlugin of DefaultRuntimePlugin [roughlyenoughitems]/" done in 58.51 μs
[02:07:51] [main/TRACE] [REI] [REIPlugin START] Reloading Section: "reloadable-plugin/RecipeManagerContextImpl/" done in 485.3 μs
[02:07:51] [main/TRACE] [REI] [REIPlugin START] Reloading Section: "reloadable-plugin/ItemComparatorRegistryImpl/"
[02:07:51] [main/TRACE] [REI] [REIPlugin START] Reloading Section: "reloadable-plugin/ItemComparatorRegistryImpl/DefaultPluginImpl of DefaultPluginImpl [roughlyenoughitems]/"
[02:07:51] [main/TRACE] [REI] [REIPlugin START] Reloading Section: "reloadable-plugin/ItemComparatorRegistryImpl/DefaultPluginImpl of DefaultPluginImpl [roughlyenoughitems]/" done in 991.2 μs
[02:07:51] [main/TRACE] [REI] [REIPlugin START] Reloading Section: "reloadable-plugin/ItemComparatorRegistryImpl/DefaultRuntimePlugin of DefaultRuntimePlugin [roughlyenoughitems]/"
[02:07:51] [main/TRACE] [REI] [REIPlugin START] Reloading Section: "reloadable-plugin/ItemComparatorRegistryImpl/DefaultRuntimePlugin of DefaultRuntimePlugin [roughlyenoughitems]/" done in 60.29 μs
[02:07:51] [main/TRACE] [REI] [REIPlugin START] Reloading Section: "reloadable-plugin/ItemComparatorRegistryImpl/" done in 1.394 ms
[02:07:51] [main/TRACE] [REI] [REIPlugin START] Reloading Section: "reloadable-plugin/FluidComparatorRegistryImpl/"
[02:07:51] [main/TRACE] [REI] [REIPlugin START] Reloading Section: "reloadable-plugin/FluidComparatorRegistryImpl/DefaultPluginImpl of DefaultPluginImpl [roughlyenoughitems]/"
[02:07:51] [main/TRACE] [REI] [REIPlugin START] Reloading Section: "reloadable-plugin/FluidComparatorRegistryImpl/DefaultPluginImpl of DefaultPluginImpl [roughlyenoughitems]/" done in 48.69 μs
[02:07:51] [main/TRACE] [REI] [REIPlugin START] Reloading Section: "reloadable-plugin/FluidComparatorRegistryImpl/DefaultRuntimePlugin of DefaultRuntimePlugin [roughlyenoughitems]/"
[02:07:51] [main/TRACE] [REI] [REIPlugin START] Reloading Section: "reloadable-plugin/FluidComparatorRegistryImpl/DefaultRuntimePlugin of DefaultRuntimePlugin [roughlyenoughitems]/" done in 57.91 μs
[02:07:51] [main/TRACE] [REI] [REIPlugin START] Reloading Section: "reloadable-plugin/FluidComparatorRegistryImpl/" done in 428.0 μs
[02:07:51] [main/TRACE] [REI] [REIPlugin START] Reloading Section: "reloadable-plugin/DisplaySerializerRegistryImpl/"
[02:07:51] [main/TRACE] [REI] [REIPlugin START] Reloading Section: "reloadable-plugin/DisplaySerializerRegistryImpl/DefaultPluginImpl of DefaultPluginImpl [roughlyenoughitems]/"
[02:07:51] [main/TRACE] [REI] [REIPlugin START] Reloading Section: "reloadable-plugin/DisplaySerializerRegistryImpl/DefaultPluginImpl of DefaultPluginImpl [roughlyenoughitems]/" done in 54.73 μs
[02:07:51] [main/TRACE] [REI] [REIPlugin START] Reloading Section: "reloadable-plugin/DisplaySerializerRegistryImpl/DefaultRuntimePlugin of DefaultRuntimePlugin [roughlyenoughitems]/"
[02:07:51] [main/TRACE] [REI] [REIPlugin START] Reloading Section: "reloadable-plugin/DisplaySerializerRegistryImpl/DefaultRuntimePlugin of DefaultRuntimePlugin [roughlyenoughitems]/" done in 75.30 μs
[02:07:51] [main/TRACE] [REI] [REIPlugin START] Reloading Section: "reloadable-plugin/DisplaySerializerRegistryImpl/" done in 454.4 μs
[02:07:51] [main/TRACE] [REI] [REIPlugin START] Reloading Section: "reloadable-plugin/FluidSupportProviderImpl/"
[02:07:51] [main/TRACE] [REI] [REIPlugin START] Reloading Section: "reloadable-plugin/FluidSupportProviderImpl/DefaultPluginImpl of DefaultPluginImpl [roughlyenoughitems]/"
[02:07:51] [main/TRACE] [REI] [REIPlugin START] Reloading Section: "reloadable-plugin/FluidSupportProviderImpl/DefaultPluginImpl of DefaultPluginImpl [roughlyenoughitems]/" done in 645.7 μs
[02:07:51] [main/TRACE] [REI] [REIPlugin START] Reloading Section: "reloadable-plugin/FluidSupportProviderImpl/DefaultRuntimePlugin of DefaultRuntimePlugin [roughlyenoughitems]/"
[02:07:51] [main/TRACE] [REI] [REIPlugin START] Reloading Section: "reloadable-plugin/FluidSupportProviderImpl/DefaultRuntimePlugin of DefaultRuntimePlugin [roughlyenoughitems]/" done in 62.12 μs
[02:07:51] [main/TRACE] [REI] [REIPlugin START] Reloading Section: "reloadable-plugin/FluidSupportProviderImpl/" done in 1.079 ms
[02:07:51] [main/DEBUG] [REI] ========================================
[02:07:51] [main/DEBUG] [REI] REIPlugin ending main-reload for START.
[02:07:51] [main/DEBUG] [REI] ========================================
[02:07:51] [main/TRACE] [REI] [REIPlugin START] Reloading Section: "end-reload/"
[02:07:51] [main/TRACE] [REI] [REIPlugin START] Reloading Section: "end-reload/EntryTypeRegistryImpl/"
[02:07:51] [main/TRACE] [REI] [REIPlugin START] Reloading Section: "end-reload/EntryTypeRegistryImpl/" done in 60.95 μs
[02:07:51] [main/TRACE] [REI] [REIPlugin START] Reloading Section: "end-reload/EntrySettingsAdapterRegistryImpl/"
[02:07:51] [main/TRACE] [REI] [REIPlugin START] Reloading Section: "end-reload/EntrySettingsAdapterRegistryImpl/" done in 54.77 μs
[02:07:51] [main/TRACE] [REI] [REIPlugin START] Reloading Section: "end-reload/RecipeManagerContextImpl/"
[02:07:51] [main/TRACE] [REI] [REIPlugin START] Reloading Section: "end-reload/RecipeManagerContextImpl/" done in 39.17 μs
[02:07:51] [main/TRACE] [REI] [REIPlugin START] Reloading Section: "end-reload/ItemComparatorRegistryImpl/"
[02:07:51] [main/TRACE] [REI] [REIPlugin START] Reloading Section: "end-reload/ItemComparatorRegistryImpl/" done in 54.97 μs
[02:07:51] [main/TRACE] [REI] [REIPlugin START] Reloading Section: "end-reload/FluidComparatorRegistryImpl/"
[02:07:51] [main/TRACE] [REI] [REIPlugin START] Reloading Section: "end-reload/FluidComparatorRegistryImpl/" done in 48.64 μs
[02:07:51] [main/TRACE] [REI] [REIPlugin START] Reloading Section: "end-reload/DisplaySerializerRegistryImpl/"
[02:07:51] [main/TRACE] [REI] [REIPlugin START] Reloading Section: "end-reload/DisplaySerializerRegistryImpl/" done in 46.60 μs
[02:07:51] [main/TRACE] [REI] [REIPlugin START] Reloading Section: "end-reload/FluidSupportProviderImpl/"
[02:07:51] [main/TRACE] [REI] [REIPlugin START] Reloading Section: "end-reload/FluidSupportProviderImpl/" done in 48.88 μs
[02:07:51] [main/TRACE] [REI] [REIPlugin START] Reloading Section: "end-reload/" done in 1.294 ms
[02:07:51] [main/DEBUG] [REI] ========================================
[02:07:51] [main/DEBUG] [REI] REIPlugin ended main-reload for START in 20.60 ms.
[02:07:51] [main/DEBUG] [REI] ========================================
[02:07:51] [main/INFO] [REI] ========================================
[02:07:51] [main/INFO] [REI] REIServerPlugin starting main-reload for START.
[02:07:51] [main/DEBUG] [REI] Reloadables (2):
[02:07:51] [main/DEBUG] [REI]  - MenuInfoRegistryImpl
[02:07:51] [main/DEBUG] [REI]  - SlotAccessorRegistryImpl
[02:07:51] [main/INFO] [REI] Plugins (2):
[02:07:51] [main/INFO] [REI]  - (-100.00) DefaultPluginImpl of DefaultPluginImpl [roughlyenoughitems]
[02:07:51] [main/INFO] [REI]  - (0.00) DefaultRuntimePlugin of DefaultRuntimePlugin [roughlyenoughitems]
[02:07:51] [main/INFO] [REI] ========================================
[02:07:51] [main/TRACE] [REI] [REIServerPlugin START] Reloading Section: "start-reload/"
[02:07:51] [main/TRACE] [REI] [REIServerPlugin START] Reloading Section: "start-reload/MenuInfoRegistryImpl/"
[02:07:51] [main/TRACE] [REI] [REIServerPlugin START] Reloading Section: "start-reload/MenuInfoRegistryImpl/" done in 42.17 μs
[02:07:51] [main/TRACE] [REI] [REIServerPlugin START] Reloading Section: "start-reload/SlotAccessorRegistryImpl/"
[02:07:51] [main/TRACE] [REI] [REIServerPlugin START] Reloading Section: "start-reload/SlotAccessorRegistryImpl/" done in 36.74 μs
[02:07:51] [main/TRACE] [REI] [REIServerPlugin START] Reloading Section: "start-reload/" done in 313.2 μs
[02:07:51] [main/DEBUG] [REI] ========================================
[02:07:51] [main/DEBUG] [REI] REIServerPlugin started main-reload for START.
[02:07:51] [main/DEBUG] [REI] ========================================
[02:07:51] [main/TRACE] [REI] [REIServerPlugin START] Reloading Section: "reloadable-plugin/MenuInfoRegistryImpl/"
[02:07:51] [main/TRACE] [REI] [REIServerPlugin START] Reloading Section: "reloadable-plugin/MenuInfoRegistryImpl/DefaultPluginImpl of DefaultPluginImpl [roughlyenoughitems]/"
[02:07:51] [main/TRACE] [REI] [REIServerPlugin START] Reloading Section: "reloadable-plugin/MenuInfoRegistryImpl/DefaultPluginImpl of DefaultPluginImpl [roughlyenoughitems]/" done in 43.04 μs
[02:07:51] [main/TRACE] [REI] [REIServerPlugin START] Reloading Section: "reloadable-plugin/MenuInfoRegistryImpl/DefaultRuntimePlugin of DefaultRuntimePlugin [roughlyenoughitems]/"
[02:07:51] [main/TRACE] [REI] [REIServerPlugin START] Reloading Section: "reloadable-plugin/MenuInfoRegistryImpl/DefaultRuntimePlugin of DefaultRuntimePlugin [roughlyenoughitems]/" done in 44.55 μs
[02:07:51] [main/TRACE] [REI] [REIServerPlugin START] Reloading Section: "reloadable-plugin/MenuInfoRegistryImpl/" done in 383.9 μs
[02:07:51] [main/TRACE] [REI] [REIServerPlugin START] Reloading Section: "reloadable-plugin/SlotAccessorRegistryImpl/"
[02:07:51] [main/TRACE] [REI] [REIServerPlugin START] Reloading Section: "reloadable-plugin/SlotAccessorRegistryImpl/DefaultPluginImpl of DefaultPluginImpl [roughlyenoughitems]/"
[02:07:51] [main/TRACE] [REI] [REIServerPlugin START] Reloading Section: "reloadable-plugin/SlotAccessorRegistryImpl/DefaultPluginImpl of DefaultPluginImpl [roughlyenoughitems]/" done in 40.99 μs
[02:07:51] [main/TRACE] [REI] [REIServerPlugin START] Reloading Section: "reloadable-plugin/SlotAccessorRegistryImpl/DefaultRuntimePlugin of DefaultRuntimePlugin [roughlyenoughitems]/"
[02:07:51] [main/TRACE] [REI] [REIServerPlugin START] Reloading Section: "reloadable-plugin/SlotAccessorRegistryImpl/DefaultRuntimePlugin of DefaultRuntimePlugin [roughlyenoughitems]/" done in 42.23 μs
[02:07:51] [main/TRACE] [REI] [REIServerPlugin START] Reloading Section: "reloadable-plugin/SlotAccessorRegistryImpl/" done in 374.2 μs
[02:07:51] [main/DEBUG] [REI] ========================================
[02:07:51] [main/DEBUG] [REI] REIServerPlugin ending main-reload for START.
[02:07:51] [main/DEBUG] [REI] ========================================
[02:07:51] [main/TRACE] [REI] [REIServerPlugin START] Reloading Section: "end-reload/"
[02:07:51] [main/TRACE] [REI] [REIServerPlugin START] Reloading Section: "end-reload/MenuInfoRegistryImpl/"
[02:07:51] [main/TRACE] [REI] [REIServerPlugin START] Reloading Section: "end-reload/MenuInfoRegistryImpl/" done in 32.82 μs
[02:07:51] [main/TRACE] [REI] [REIServerPlugin START] Reloading Section: "end-reload/SlotAccessorRegistryImpl/"
[02:07:51] [main/TRACE] [REI] [REIServerPlugin START] Reloading Section: "end-reload/SlotAccessorRegistryImpl/" done in 39.77 μs
[02:07:51] [main/TRACE] [REI] [REIServerPlugin START] Reloading Section: "end-reload/" done in 297.9 μs
[02:07:51] [main/DEBUG] [REI] ========================================
[02:07:51] [main/DEBUG] [REI] REIServerPlugin ended main-reload for START in 3.028 ms.
[02:07:51] [main/DEBUG] [REI] ========================================
[02:07:51] [main/DEBUG] [REI] ========================================
[02:07:51] [main/DEBUG] [REI] REIPlugin starting post-reload for START.
[02:07:51] [main/DEBUG] [REI] Reloadables (7):
[02:07:51] [main/DEBUG] [REI]  - EntryTypeRegistryImpl
[02:07:51] [main/DEBUG] [REI]  - EntrySettingsAdapterRegistryImpl
[02:07:51] [main/DEBUG] [REI]  - RecipeManagerContextImpl
[02:07:51] [main/DEBUG] [REI]  - ItemComparatorRegistryImpl
[02:07:51] [main/DEBUG] [REI]  - FluidComparatorRegistryImpl
[02:07:51] [main/DEBUG] [REI]  - DisplaySerializerRegistryImpl
[02:07:51] [main/DEBUG] [REI]  - FluidSupportProviderImpl
[02:07:51] [main/DEBUG] [REI] Plugins (2):
[02:07:51] [main/DEBUG] [REI]  - (-100.00) DefaultPluginImpl of DefaultPluginImpl [roughlyenoughitems]
[02:07:51] [main/DEBUG] [REI]  - (0.00) DefaultRuntimePlugin of DefaultRuntimePlugin [roughlyenoughitems]
[02:07:51] [main/DEBUG] [REI] ========================================
[02:07:51] [main/TRACE] [REI] [REIPlugin START] Reloading Section: "post-register/"
[02:07:51] [main/TRACE] [REI] [REIPlugin START] Reloading Section: "post-register/DefaultPluginImpl of DefaultPluginImpl [roughlyenoughitems]/"
[02:07:51] [main/TRACE] [REI] [REIPlugin START] Reloading Section: "post-register/DefaultPluginImpl of DefaultPluginImpl [roughlyenoughitems]/" done in 201.3 μs
[02:07:51] [main/TRACE] [REI] [REIPlugin START] Reloading Section: "post-register/DefaultRuntimePlugin of DefaultRuntimePlugin [roughlyenoughitems]/"
[02:07:51] [main/TRACE] [REI] [REIPlugin START] Reloading Section: "post-register/DefaultRuntimePlugin of DefaultRuntimePlugin [roughlyenoughitems]/" done in 61.20 μs
[02:07:51] [main/TRACE] [REI] [REIPlugin START] Reloading Section: "post-register/" done in 700.5 μs
[02:07:51] [main/TRACE] [REI] [REIPlugin START] Reloading Section: "post-stage/"
[02:07:51] [main/TRACE] [REI] [REIPlugin START] Reloading Section: "post-stage/EntryTypeRegistryImpl/"
[02:07:51] [main/TRACE] [REI] [REIPlugin START] Reloading Section: "post-stage/EntryTypeRegistryImpl/" done in 66.93 μs
[02:07:51] [main/TRACE] [REI] [REIPlugin START] Reloading Section: "post-stage/EntrySettingsAdapterRegistryImpl/"
[02:07:51] [main/TRACE] [REI] [REIPlugin START] Reloading Section: "post-stage/EntrySettingsAdapterRegistryImpl/" done in 41.32 μs
[02:07:51] [main/TRACE] [REI] [REIPlugin START] Reloading Section: "post-stage/RecipeManagerContextImpl/"
[02:07:51] [main/TRACE] [REI] [REIPlugin START] Reloading Section: "post-stage/RecipeManagerContextImpl/" done in 39.62 μs
[02:07:51] [main/TRACE] [REI] [REIPlugin START] Reloading Section: "post-stage/ItemComparatorRegistryImpl/"
[02:07:51] [main/TRACE] [REI] [REIPlugin START] Reloading Section: "post-stage/ItemComparatorRegistryImpl/" done in 40.14 μs
[02:07:51] [main/TRACE] [REI] [REIPlugin START] Reloading Section: "post-stage/FluidComparatorRegistryImpl/"
[02:07:51] [main/TRACE] [REI] [REIPlugin START] Reloading Section: "post-stage/FluidComparatorRegistryImpl/" done in 40.76 μs
[02:07:51] [main/TRACE] [REI] [REIPlugin START] Reloading Section: "post-stage/DisplaySerializerRegistryImpl/"
[02:07:51] [main/TRACE] [REI] [REIPlugin START] Reloading Section: "post-stage/DisplaySerializerRegistryImpl/" done in 47.13 μs
[02:07:51] [main/TRACE] [REI] [REIPlugin START] Reloading Section: "post-stage/FluidSupportProviderImpl/"
[02:07:51] [main/TRACE] [REI] [REIPlugin START] Reloading Section: "post-stage/FluidSupportProviderImpl/" done in 42.50 μs
[02:07:51] [main/TRACE] [REI] [REIPlugin START] Reloading Section: "post-stage/" done in 1.179 ms
[02:07:51] [main/DEBUG] [REI] ========================================
[02:07:51] [main/INFO] [REI] REIPlugin finished post-reload for START in 2.083 ms, totaling 36.32 ms.
[02:07:51] [main/DEBUG] [REI] ========================================
[02:07:51] [main/DEBUG] [REI] ========================================
[02:07:51] [main/DEBUG] [REI] REIServerPlugin starting post-reload for START.
[02:07:51] [main/DEBUG] [REI] Reloadables (2):
[02:07:51] [main/DEBUG] [REI]  - MenuInfoRegistryImpl
[02:07:51] [main/DEBUG] [REI]  - SlotAccessorRegistryImpl
[02:07:51] [main/DEBUG] [REI] Plugins (2):
[02:07:51] [main/DEBUG] [REI]  - (-100.00) DefaultPluginImpl of DefaultPluginImpl [roughlyenoughitems]
[02:07:51] [main/DEBUG] [REI]  - (0.00) DefaultRuntimePlugin of DefaultRuntimePlugin [roughlyenoughitems]
[02:07:51] [main/DEBUG] [REI] ========================================
[02:07:51] [main/TRACE] [REI] [REIServerPlugin START] Reloading Section: "post-register/"
[02:07:51] [main/TRACE] [REI] [REIServerPlugin START] Reloading Section: "post-register/DefaultPluginImpl of DefaultPluginImpl [roughlyenoughitems]/"
[02:07:51] [main/TRACE] [REI] [REIServerPlugin START] Reloading Section: "post-register/DefaultPluginImpl of DefaultPluginImpl [roughlyenoughitems]/" done in 33.36 μs
[02:07:51] [main/TRACE] [REI] [REIServerPlugin START] Reloading Section: "post-register/DefaultRuntimePlugin of DefaultRuntimePlugin [roughlyenoughitems]/"
[02:07:51] [main/TRACE] [REI] [REIServerPlugin START] Reloading Section: "post-register/DefaultRuntimePlugin of DefaultRuntimePlugin [roughlyenoughitems]/" done in 38.54 μs
[02:07:51] [main/TRACE] [REI] [REIServerPlugin START] Reloading Section: "post-register/" done in 320.4 μs
[02:07:51] [main/TRACE] [REI] [REIServerPlugin START] Reloading Section: "post-stage/"
[02:07:51] [main/TRACE] [REI] [REIServerPlugin START] Reloading Section: "post-stage/MenuInfoRegistryImpl/"
[02:07:51] [main/TRACE] [REI] [REIServerPlugin START] Reloading Section: "post-stage/MenuInfoRegistryImpl/" done in 36.40 μs
[02:07:51] [main/TRACE] [REI] [REIServerPlugin START] Reloading Section: "post-stage/SlotAccessorRegistryImpl/"
[02:07:51] [main/TRACE] [REI] [REIServerPlugin START] Reloading Section: "post-stage/SlotAccessorRegistryImpl/" done in 32.41 μs
[02:07:51] [main/TRACE] [REI] [REIServerPlugin START] Reloading Section: "post-stage/" done in 315.6 μs
[02:07:51] [main/DEBUG] [REI] ========================================
[02:07:51] [main/INFO] [REI] REIServerPlugin finished post-reload for START in 829.3 μs, totaling 4.876 ms.
[02:07:51] [main/DEBUG] [REI] ========================================
[02:07:51] [main/DEBUG] [REI] ========================================
[02:07:51] [main/DEBUG] [REI] REIPlugin starting pre-reload for END.
[02:07:51] [main/DEBUG] [REI] Reloadables (7):
[02:07:51] [main/DEBUG] [REI]  - EntryTypeRegistryImpl
[02:07:51] [main/DEBUG] [REI]  - EntrySettingsAdapterRegistryImpl
[02:07:51] [main/DEBUG] [REI]  - RecipeManagerContextImpl
[02:07:51] [main/DEBUG] [REI]  - ItemComparatorRegistryImpl
[02:07:51] [main/DEBUG] [REI]  - FluidComparatorRegistryImpl
[02:07:51] [main/DEBUG] [REI]  - DisplaySerializerRegistryImpl
[02:07:51] [main/DEBUG] [REI]  - FluidSupportProviderImpl
[02:07:51] [main/DEBUG] [REI] Plugins (2):
[02:07:51] [main/DEBUG] [REI]  - (-100.00) DefaultPluginImpl of DefaultPluginImpl [roughlyenoughitems]
[02:07:51] [main/DEBUG] [REI]  - (0.00) DefaultRuntimePlugin of DefaultRuntimePlugin [roughlyenoughitems]
[02:07:51] [main/DEBUG] [REI] ========================================
[02:07:51] [main/TRACE] [REI] [REIPlugin END] Reloading Section: "pre-register/"
[02:07:51] [main/TRACE] [REI] [REIPlugin END] Reloading Section: "pre-register/DefaultPluginImpl of DefaultPluginImpl [roughlyenoughitems]/"
[02:07:51] [main/TRACE] [REI] [REIPlugin END] Reloading Section: "pre-register/DefaultPluginImpl of DefaultPluginImpl [roughlyenoughitems]/" done in 32.24 μs
[02:07:51] [main/TRACE] [REI] [REIPlugin END] Reloading Section: "pre-register/DefaultRuntimePlugin of DefaultRuntimePlugin [roughlyenoughitems]/"
[02:07:51] [main/TRACE] [REI] [REIPlugin END] Reloading Section: "pre-register/DefaultRuntimePlugin of DefaultRuntimePlugin [roughlyenoughitems]/" done in 31.61 μs
[02:07:51] [main/TRACE] [REI] [REIPlugin END] Reloading Section: "pre-register/" done in 251.6 μs
[02:07:51] [main/TRACE] [REI] [REIPlugin END] Reloading Section: "pre-stage/"
[02:07:51] [main/TRACE] [REI] [REIPlugin END] Reloading Section: "pre-stage/EntryTypeRegistryImpl/"
[02:07:51] [main/TRACE] [REI] [REIPlugin END] Reloading Section: "pre-stage/EntryTypeRegistryImpl/" done in 28.88 μs
[02:07:51] [main/TRACE] [REI] [REIPlugin END] Reloading Section: "pre-stage/EntrySettingsAdapterRegistryImpl/"
[02:07:51] [main/TRACE] [REI] [REIPlugin END] Reloading Section: "pre-stage/EntrySettingsAdapterRegistryImpl/" done in 32.90 μs
[02:07:51] [main/TRACE] [REI] [REIPlugin END] Reloading Section: "pre-stage/RecipeManagerContextImpl/"
[02:07:51] [main/TRACE] [REI] [REIPlugin END] Reloading Section: "pre-stage/RecipeManagerContextImpl/" done in 34.02 μs
[02:07:51] [main/TRACE] [REI] [REIPlugin END] Reloading Section: "pre-stage/ItemComparatorRegistryImpl/"
[02:07:51] [main/TRACE] [REI] [REIPlugin END] Reloading Section: "pre-stage/ItemComparatorRegistryImpl/" done in 41.67 μs
[02:07:51] [main/TRACE] [REI] [REIPlugin END] Reloading Section: "pre-stage/FluidComparatorRegistryImpl/"
[02:07:51] [main/TRACE] [REI] [REIPlugin END] Reloading Section: "pre-stage/FluidComparatorRegistryImpl/" done in 40.55 μs
[02:07:51] [main/TRACE] [REI] [REIPlugin END] Reloading Section: "pre-stage/DisplaySerializerRegistryImpl/"
[02:07:51] [main/TRACE] [REI] [REIPlugin END] Reloading Section: "pre-stage/DisplaySerializerRegistryImpl/" done in 39.23 μs
[02:07:51] [main/TRACE] [REI] [REIPlugin END] Reloading Section: "pre-stage/FluidSupportProviderImpl/"
[02:07:51] [main/TRACE] [REI] [REIPlugin END] Reloading Section: "pre-stage/FluidSupportProviderImpl/" done in 49.87 μs
[02:07:51] [main/TRACE] [REI] [REIPlugin END] Reloading Section: "pre-stage/" done in 1.012 ms
[02:07:51] [main/DEBUG] [REI] ========================================
[02:07:51] [main/DEBUG] [REI] REIPlugin finished pre-reload for END in 1.430 ms.
[02:07:51] [main/DEBUG] [REI] ========================================
[02:07:51] [main/DEBUG] [REI] ========================================
[02:07:51] [main/DEBUG] [REI] REIServerPlugin starting pre-reload for END.
[02:07:51] [main/DEBUG] [REI] Reloadables (2):
[02:07:51] [main/DEBUG] [REI]  - MenuInfoRegistryImpl
[02:07:51] [main/DEBUG] [REI]  - SlotAccessorRegistryImpl
[02:07:51] [main/DEBUG] [REI] Plugins (2):
[02:07:51] [main/DEBUG] [REI]  - (-100.00) DefaultPluginImpl of DefaultPluginImpl [roughlyenoughitems]
[02:07:51] [main/DEBUG] [REI]  - (0.00) DefaultRuntimePlugin of DefaultRuntimePlugin [roughlyenoughitems]
[02:07:51] [main/DEBUG] [REI] ========================================
[02:07:51] [main/TRACE] [REI] [REIServerPlugin END] Reloading Section: "pre-register/"
[02:07:51] [main/TRACE] [REI] [REIServerPlugin END] Reloading Section: "pre-register/DefaultPluginImpl of DefaultPluginImpl [roughlyenoughitems]/"
[02:07:51] [main/TRACE] [REI] [REIServerPlugin END] Reloading Section: "pre-register/DefaultPluginImpl of DefaultPluginImpl [roughlyenoughitems]/" done in 38.99 μs
[02:07:51] [main/TRACE] [REI] [REIServerPlugin END] Reloading Section: "pre-register/DefaultRuntimePlugin of DefaultRuntimePlugin [roughlyenoughitems]/"
[02:07:51] [main/TRACE] [REI] [REIServerPlugin END] Reloading Section: "pre-register/DefaultRuntimePlugin of DefaultRuntimePlugin [roughlyenoughitems]/" done in 43.03 μs
[02:07:51] [main/TRACE] [REI] [REIServerPlugin END] Reloading Section: "pre-register/" done in 779.5 μs
[02:07:51] [main/TRACE] [REI] [REIServerPlugin END] Reloading Section: "pre-stage/"
[02:07:51] [main/TRACE] [REI] [REIServerPlugin END] Reloading Section: "pre-stage/MenuInfoRegistryImpl/"
[02:07:51] [main/TRACE] [REI] [REIServerPlugin END] Reloading Section: "pre-stage/MenuInfoRegistryImpl/" done in 33.16 μs
[02:07:51] [main/TRACE] [REI] [REIServerPlugin END] Reloading Section: "pre-stage/SlotAccessorRegistryImpl/"
[02:07:51] [main/TRACE] [REI] [REIServerPlugin END] Reloading Section: "pre-stage/SlotAccessorRegistryImpl/" done in 28.74 μs
[02:07:51] [main/TRACE] [REI] [REIServerPlugin END] Reloading Section: "pre-stage/" done in 254.5 μs
[02:07:51] [main/DEBUG] [REI] ========================================
[02:07:51] [main/DEBUG] [REI] REIServerPlugin finished pre-reload for END in 1.281 ms.
[02:07:51] [main/DEBUG] [REI] ========================================
[02:07:51] [main/INFO] [REI] @@@@@@@@@@@@@@@@@@@@@@@@@@@@@@@@@@@@@@@@
[02:07:51] [main/INFO] [REI] REIPlugin starting main-reload for END.
[02:07:51] [main/DEBUG] [REI] Reloadables (7):
[02:07:51] [main/DEBUG] [REI]  - EntryTypeRegistryImpl
[02:07:51] [main/DEBUG] [REI]  - EntrySettingsAdapterRegistryImpl
[02:07:51] [main/DEBUG] [REI]  - RecipeManagerContextImpl
[02:07:51] [main/DEBUG] [REI]  - ItemComparatorRegistryImpl
[02:07:51] [main/DEBUG] [REI]  - FluidComparatorRegistryImpl
[02:07:51] [main/DEBUG] [REI]  - DisplaySerializerRegistryImpl
[02:07:51] [main/DEBUG] [REI]  - FluidSupportProviderImpl
[02:07:51] [main/INFO] [REI] Plugins (2):
[02:07:51] [main/INFO] [REI]  - (-100.00) DefaultPluginImpl of DefaultPluginImpl [roughlyenoughitems]
[02:07:51] [main/INFO] [REI]  - (0.00) DefaultRuntimePlugin of DefaultRuntimePlugin [roughlyenoughitems]
[02:07:51] [main/INFO] [REI] @@@@@@@@@@@@@@@@@@@@@@@@@@@@@@@@@@@@@@@@
[02:07:51] [main/TRACE] [REI] [REIPlugin END] Reloading Section: "start-reload/"
[02:07:51] [main/TRACE] [REI] [REIPlugin END] Reloading Section: "start-reload/EntryTypeRegistryImpl/"
[02:07:51] [main/TRACE] [REI] [REIPlugin END] Reloading Section: "start-reload/EntryTypeRegistryImpl/" done in 75.71 μs
[02:07:51] [main/TRACE] [REI] [REIPlugin END] Reloading Section: "start-reload/EntrySettingsAdapterRegistryImpl/"
[02:07:51] [main/TRACE] [REI] [REIPlugin END] Reloading Section: "start-reload/EntrySettingsAdapterRegistryImpl/" done in 66.23 μs
[02:07:51] [main/TRACE] [REI] [REIPlugin END] Reloading Section: "start-reload/RecipeManagerContextImpl/"
[02:07:51] [main/TRACE] [REI] [REIPlugin END] Reloading Section: "start-reload/RecipeManagerContextImpl/" done in 45.78 μs
[02:07:51] [main/TRACE] [REI] [REIPlugin END] Reloading Section: "start-reload/ItemComparatorRegistryImpl/"
[02:07:51] [main/TRACE] [REI] [REIPlugin END] Reloading Section: "start-reload/ItemComparatorRegistryImpl/" done in 45.64 μs
[02:07:51] [main/TRACE] [REI] [REIPlugin END] Reloading Section: "start-reload/FluidComparatorRegistryImpl/"
[02:07:51] [main/TRACE] [REI] [REIPlugin END] Reloading Section: "start-reload/FluidComparatorRegistryImpl/" done in 40.65 μs
[02:07:51] [main/TRACE] [REI] [REIPlugin END] Reloading Section: "start-reload/DisplaySerializerRegistryImpl/"
[02:07:51] [main/TRACE] [REI] [REIPlugin END] Reloading Section: "start-reload/DisplaySerializerRegistryImpl/" done in 47.79 μs
[02:07:51] [main/TRACE] [REI] [REIPlugin END] Reloading Section: "start-reload/FluidSupportProviderImpl/"
[02:07:51] [main/TRACE] [REI] [REIPlugin END] Reloading Section: "start-reload/FluidSupportProviderImpl/" done in 41.68 μs
[02:07:51] [main/TRACE] [REI] [REIPlugin END] Reloading Section: "start-reload/" done in 1.251 ms
[02:07:51] [main/DEBUG] [REI] ========================================
[02:07:51] [main/DEBUG] [REI] REIPlugin started main-reload for END.
[02:07:51] [main/DEBUG] [REI] ========================================
[02:07:51] [main/TRACE] [REI] [REIPlugin END] Reloading Section: "reloadable-plugin/EntryTypeRegistryImpl/"
[02:07:51] [main/TRACE] [REI] [REIPlugin END] Reloading Section: "reloadable-plugin/EntryTypeRegistryImpl/DefaultPluginImpl of DefaultPluginImpl [roughlyenoughitems]/"
[02:07:51] [main/TRACE] [REI] [REIPlugin END] Reloading Section: "reloadable-plugin/EntryTypeRegistryImpl/DefaultPluginImpl of DefaultPluginImpl [roughlyenoughitems]/" done in 48.68 μs
[02:07:51] [main/TRACE] [REI] [REIPlugin END] Reloading Section: "reloadable-plugin/EntryTypeRegistryImpl/DefaultRuntimePlugin of DefaultRuntimePlugin [roughlyenoughitems]/"
[02:07:51] [main/TRACE] [REI] [REIPlugin END] Reloading Section: "reloadable-plugin/EntryTypeRegistryImpl/DefaultRuntimePlugin of DefaultRuntimePlugin [roughlyenoughitems]/" done in 61.29 μs
[02:07:51] [main/TRACE] [REI] [REIPlugin END] Reloading Section: "reloadable-plugin/EntryTypeRegistryImpl/" done in 405.1 μs
[02:07:51] [main/TRACE] [REI] [REIPlugin END] Reloading Section: "reloadable-plugin/EntrySettingsAdapterRegistryImpl/"
[02:07:51] [main/TRACE] [REI] [REIPlugin END] Reloading Section: "reloadable-plugin/EntrySettingsAdapterRegistryImpl/DefaultPluginImpl of DefaultPluginImpl [roughlyenoughitems]/"
[02:07:51] [main/TRACE] [REI] [REIPlugin END] Reloading Section: "reloadable-plugin/EntrySettingsAdapterRegistryImpl/DefaultPluginImpl of DefaultPluginImpl [roughlyenoughitems]/" done in 62.34 μs
[02:07:51] [main/TRACE] [REI] [REIPlugin END] Reloading Section: "reloadable-plugin/EntrySettingsAdapterRegistryImpl/DefaultRuntimePlugin of DefaultRuntimePlugin [roughlyenoughitems]/"
[02:07:51] [main/TRACE] [REI] [REIPlugin END] Reloading Section: "reloadable-plugin/EntrySettingsAdapterRegistryImpl/DefaultRuntimePlugin of DefaultRuntimePlugin [roughlyenoughitems]/" done in 70.77 μs
[02:07:51] [main/TRACE] [REI] [REIPlugin END] Reloading Section: "reloadable-plugin/EntrySettingsAdapterRegistryImpl/" done in 433.6 μs
[02:07:51] [main/TRACE] [REI] [REIPlugin END] Reloading Section: "reloadable-plugin/RecipeManagerContextImpl/"
[02:07:51] [main/TRACE] [REI] [REIPlugin END] Reloading Section: "reloadable-plugin/RecipeManagerContextImpl/DefaultPluginImpl of DefaultPluginImpl [roughlyenoughitems]/"
[02:07:51] [main/TRACE] [REI] [REIPlugin END] Reloading Section: "reloadable-plugin/RecipeManagerContextImpl/DefaultPluginImpl of DefaultPluginImpl [roughlyenoughitems]/" done in 47.18 μs
[02:07:51] [main/TRACE] [REI] [REIPlugin END] Reloading Section: "reloadable-plugin/RecipeManagerContextImpl/DefaultRuntimePlugin of DefaultRuntimePlugin [roughlyenoughitems]/"
[02:07:51] [main/TRACE] [REI] [REIPlugin END] Reloading Section: "reloadable-plugin/RecipeManagerContextImpl/DefaultRuntimePlugin of DefaultRuntimePlugin [roughlyenoughitems]/" done in 41.45 μs
[02:07:51] [main/TRACE] [REI] [REIPlugin END] Reloading Section: "reloadable-plugin/RecipeManagerContextImpl/" done in 395.2 μs
[02:07:51] [main/TRACE] [REI] [REIPlugin END] Reloading Section: "reloadable-plugin/ItemComparatorRegistryImpl/"
[02:07:51] [main/TRACE] [REI] [REIPlugin END] Reloading Section: "reloadable-plugin/ItemComparatorRegistryImpl/DefaultPluginImpl of DefaultPluginImpl [roughlyenoughitems]/"
[02:07:51] [main/TRACE] [REI] [REIPlugin END] Reloading Section: "reloadable-plugin/ItemComparatorRegistryImpl/DefaultPluginImpl of DefaultPluginImpl [roughlyenoughitems]/" done in 59.52 μs
[02:07:51] [main/TRACE] [REI] [REIPlugin END] Reloading Section: "reloadable-plugin/ItemComparatorRegistryImpl/DefaultRuntimePlugin of DefaultRuntimePlugin [roughlyenoughitems]/"
[02:07:51] [main/TRACE] [REI] [REIPlugin END] Reloading Section: "reloadable-plugin/ItemComparatorRegistryImpl/DefaultRuntimePlugin of DefaultRuntimePlugin [roughlyenoughitems]/" done in 64.33 μs
[02:07:51] [main/TRACE] [REI] [REIPlugin END] Reloading Section: "reloadable-plugin/ItemComparatorRegistryImpl/" done in 386.1 μs
[02:07:51] [main/TRACE] [REI] [REIPlugin END] Reloading Section: "reloadable-plugin/FluidComparatorRegistryImpl/"
[02:07:51] [main/TRACE] [REI] [REIPlugin END] Reloading Section: "reloadable-plugin/FluidComparatorRegistryImpl/DefaultPluginImpl of DefaultPluginImpl [roughlyenoughitems]/"
[02:07:51] [main/TRACE] [REI] [REIPlugin END] Reloading Section: "reloadable-plugin/FluidComparatorRegistryImpl/DefaultPluginImpl of DefaultPluginImpl [roughlyenoughitems]/" done in 42.85 μs
[02:07:51] [main/TRACE] [REI] [REIPlugin END] Reloading Section: "reloadable-plugin/FluidComparatorRegistryImpl/DefaultRuntimePlugin of DefaultRuntimePlugin [roughlyenoughitems]/"
[02:07:51] [main/TRACE] [REI] [REIPlugin END] Reloading Section: "reloadable-plugin/FluidComparatorRegistryImpl/DefaultRuntimePlugin of DefaultRuntimePlugin [roughlyenoughitems]/" done in 46.60 μs
[02:07:51] [main/TRACE] [REI] [REIPlugin END] Reloading Section: "reloadable-plugin/FluidComparatorRegistryImpl/" done in 336.1 μs
[02:07:51] [main/TRACE] [REI] [REIPlugin END] Reloading Section: "reloadable-plugin/DisplaySerializerRegistryImpl/"
[02:07:51] [main/TRACE] [REI] [REIPlugin END] Reloading Section: "reloadable-plugin/DisplaySerializerRegistryImpl/DefaultPluginImpl of DefaultPluginImpl [roughlyenoughitems]/"
[02:07:51] [main/TRACE] [REI] [REIPlugin END] Reloading Section: "reloadable-plugin/DisplaySerializerRegistryImpl/DefaultPluginImpl of DefaultPluginImpl [roughlyenoughitems]/" done in 20.68 ms
[02:07:51] [main/TRACE] [REI] [REIPlugin END] Reloading Section: "reloadable-plugin/DisplaySerializerRegistryImpl/DefaultRuntimePlugin of DefaultRuntimePlugin [roughlyenoughitems]/"
[02:07:51] [main/TRACE] [REI] [REIPlugin END] Reloading Section: "reloadable-plugin/DisplaySerializerRegistryImpl/DefaultRuntimePlugin of DefaultRuntimePlugin [roughlyenoughitems]/" done in 51.89 μs
[02:07:51] [main/TRACE] [REI] [REIPlugin END] Reloading Section: "reloadable-plugin/DisplaySerializerRegistryImpl/" done in 21.09 ms
[02:07:51] [main/TRACE] [REI] [REIPlugin END] Reloading Section: "reloadable-plugin/FluidSupportProviderImpl/"
[02:07:51] [main/TRACE] [REI] [REIPlugin END] Reloading Section: "reloadable-plugin/FluidSupportProviderImpl/DefaultPluginImpl of DefaultPluginImpl [roughlyenoughitems]/"
[02:07:51] [main/TRACE] [REI] [REIPlugin END] Reloading Section: "reloadable-plugin/FluidSupportProviderImpl/DefaultPluginImpl of DefaultPluginImpl [roughlyenoughitems]/" done in 45.13 μs
[02:07:51] [main/TRACE] [REI] [REIPlugin END] Reloading Section: "reloadable-plugin/FluidSupportProviderImpl/DefaultRuntimePlugin of DefaultRuntimePlugin [roughlyenoughitems]/"
[02:07:51] [main/TRACE] [REI] [REIPlugin END] Reloading Section: "reloadable-plugin/FluidSupportProviderImpl/DefaultRuntimePlugin of DefaultRuntimePlugin [roughlyenoughitems]/" done in 60.64 μs
[02:07:51] [main/TRACE] [REI] [REIPlugin END] Reloading Section: "reloadable-plugin/FluidSupportProviderImpl/" done in 391.7 μs
[02:07:51] [main/DEBUG] [REI] ========================================
[02:07:51] [main/DEBUG] [REI] REIPlugin ending main-reload for END.
[02:07:51] [main/DEBUG] [REI] ========================================
[02:07:51] [main/TRACE] [REI] [REIPlugin END] Reloading Section: "end-reload/"
[02:07:51] [main/TRACE] [REI] [REIPlugin END] Reloading Section: "end-reload/EntryTypeRegistryImpl/"
[02:07:51] [main/TRACE] [REI] [REIPlugin END] Reloading Section: "end-reload/EntryTypeRegistryImpl/" done in 36.92 μs
[02:07:51] [main/TRACE] [REI] [REIPlugin END] Reloading Section: "end-reload/EntrySettingsAdapterRegistryImpl/"
[02:07:51] [main/TRACE] [REI] [REIPlugin END] Reloading Section: "end-reload/EntrySettingsAdapterRegistryImpl/" done in 40.87 μs
[02:07:51] [main/TRACE] [REI] [REIPlugin END] Reloading Section: "end-reload/RecipeManagerContextImpl/"
[02:07:51] [main/TRACE] [REI] [REIPlugin END] Reloading Section: "end-reload/RecipeManagerContextImpl/" done in 39.74 μs
[02:07:51] [main/TRACE] [REI] [REIPlugin END] Reloading Section: "end-reload/ItemComparatorRegistryImpl/"
[02:07:51] [main/TRACE] [REI] [REIPlugin END] Reloading Section: "end-reload/ItemComparatorRegistryImpl/" done in 38.22 μs
[02:07:51] [main/TRACE] [REI] [REIPlugin END] Reloading Section: "end-reload/FluidComparatorRegistryImpl/"
[02:07:51] [main/TRACE] [REI] [REIPlugin END] Reloading Section: "end-reload/FluidComparatorRegistryImpl/" done in 45.78 μs
[02:07:51] [main/TRACE] [REI] [REIPlugin END] Reloading Section: "end-reload/DisplaySerializerRegistryImpl/"
[02:07:51] [main/TRACE] [REI] [REIPlugin END] Reloading Section: "end-reload/DisplaySerializerRegistryImpl/" done in 40.72 μs
[02:07:51] [main/TRACE] [REI] [REIPlugin END] Reloading Section: "end-reload/FluidSupportProviderImpl/"
[02:07:51] [main/TRACE] [REI] [REIPlugin END] Reloading Section: "end-reload/FluidSupportProviderImpl/" done in 39.65 μs
[02:07:51] [main/TRACE] [REI] [REIPlugin END] Reloading Section: "end-reload/" done in 1.044 ms
[02:07:51] [main/DEBUG] [REI] ========================================
[02:07:51] [main/DEBUG] [REI] REIPlugin ended main-reload for END in 28.57 ms.
[02:07:51] [main/DEBUG] [REI] ========================================
[02:07:51] [main/INFO] [REI] ++++++++++++++++++++++++++++++++++++++++
[02:07:51] [main/INFO] [REI] REIServerPlugin starting main-reload for END.
[02:07:51] [main/DEBUG] [REI] Reloadables (2):
[02:07:51] [main/DEBUG] [REI]  - MenuInfoRegistryImpl
[02:07:51] [main/DEBUG] [REI]  - SlotAccessorRegistryImpl
[02:07:51] [main/INFO] [REI] Plugins (2):
[02:07:51] [main/INFO] [REI]  - (-100.00) DefaultPluginImpl of DefaultPluginImpl [roughlyenoughitems]
[02:07:51] [main/INFO] [REI]  - (0.00) DefaultRuntimePlugin of DefaultRuntimePlugin [roughlyenoughitems]
[02:07:51] [main/INFO] [REI] ++++++++++++++++++++++++++++++++++++++++
[02:07:51] [main/TRACE] [REI] [REIServerPlugin END] Reloading Section: "start-reload/"
[02:07:51] [main/TRACE] [REI] [REIServerPlugin END] Reloading Section: "start-reload/MenuInfoRegistryImpl/"
[02:07:51] [main/TRACE] [REI] [REIServerPlugin END] Reloading Section: "start-reload/MenuInfoRegistryImpl/" done in 52.94 μs
[02:07:51] [main/TRACE] [REI] [REIServerPlugin END] Reloading Section: "start-reload/SlotAccessorRegistryImpl/"
[02:07:51] [main/TRACE] [REI] [REIServerPlugin END] Reloading Section: "start-reload/SlotAccessorRegistryImpl/" done in 46.36 μs
[02:07:51] [main/TRACE] [REI] [REIServerPlugin END] Reloading Section: "start-reload/" done in 349.5 μs
[02:07:51] [main/DEBUG] [REI] ========================================
[02:07:51] [main/DEBUG] [REI] REIServerPlugin started main-reload for END.
[02:07:51] [main/DEBUG] [REI] ========================================
[02:07:51] [main/TRACE] [REI] [REIServerPlugin END] Reloading Section: "reloadable-plugin/MenuInfoRegistryImpl/"
[02:07:51] [main/TRACE] [REI] [REIServerPlugin END] Reloading Section: "reloadable-plugin/MenuInfoRegistryImpl/DefaultPluginImpl of DefaultPluginImpl [roughlyenoughitems]/"
[02:07:51] [main/TRACE] [REI] [REIServerPlugin END] Reloading Section: "reloadable-plugin/MenuInfoRegistryImpl/DefaultPluginImpl of DefaultPluginImpl [roughlyenoughitems]/" done in 64.34 μs
[02:07:51] [main/TRACE] [REI] [REIServerPlugin END] Reloading Section: "reloadable-plugin/MenuInfoRegistryImpl/DefaultRuntimePlugin of DefaultRuntimePlugin [roughlyenoughitems]/"
[02:07:51] [main/TRACE] [REI] [REIServerPlugin END] Reloading Section: "reloadable-plugin/MenuInfoRegistryImpl/DefaultRuntimePlugin of DefaultRuntimePlugin [roughlyenoughitems]/" done in 46.85 μs
[02:07:51] [main/TRACE] [REI] [REIServerPlugin END] Reloading Section: "reloadable-plugin/MenuInfoRegistryImpl/" done in 381.2 μs
[02:07:51] [main/TRACE] [REI] [REIServerPlugin END] Reloading Section: "reloadable-plugin/SlotAccessorRegistryImpl/"
[02:07:51] [main/TRACE] [REI] [REIServerPlugin END] Reloading Section: "reloadable-plugin/SlotAccessorRegistryImpl/DefaultPluginImpl of DefaultPluginImpl [roughlyenoughitems]/"
[02:07:51] [main/TRACE] [REI] [REIServerPlugin END] Reloading Section: "reloadable-plugin/SlotAccessorRegistryImpl/DefaultPluginImpl of DefaultPluginImpl [roughlyenoughitems]/" done in 51.09 μs
[02:07:51] [main/TRACE] [REI] [REIServerPlugin END] Reloading Section: "reloadable-plugin/SlotAccessorRegistryImpl/DefaultRuntimePlugin of DefaultRuntimePlugin [roughlyenoughitems]/"
[02:07:51] [main/DEBUG] [REI] Added slot accessor serializer: me.shedaniel.rei.plugin.common.runtime.DefaultRuntimePlugin$1@33e3c2e0 [roughlyenoughitems:vanilla]
[02:07:51] [main/DEBUG] [REI] Added slot accessor serializer: me.shedaniel.rei.plugin.common.runtime.DefaultRuntimePlugin$2@6fc3e9bb [roughlyenoughitems:player]
[02:07:51] [main/TRACE] [REI] [REIServerPlugin END] Reloading Section: "reloadable-plugin/SlotAccessorRegistryImpl/DefaultRuntimePlugin of DefaultRuntimePlugin [roughlyenoughitems]/" done in 2.104 ms
[02:07:51] [main/TRACE] [REI] [REIServerPlugin END] Reloading Section: "reloadable-plugin/SlotAccessorRegistryImpl/" done in 2.414 ms
[02:07:51] [main/DEBUG] [REI] ========================================
[02:07:51] [main/DEBUG] [REI] REIServerPlugin ending main-reload for END.
[02:07:51] [main/DEBUG] [REI] ========================================
[02:07:51] [main/TRACE] [REI] [REIServerPlugin END] Reloading Section: "end-reload/"
[02:07:51] [main/TRACE] [REI] [REIServerPlugin END] Reloading Section: "end-reload/MenuInfoRegistryImpl/"
[02:07:51] [main/DEBUG] [REI] Registered 0 menu infos
[02:07:51] [main/TRACE] [REI] [REIServerPlugin END] Reloading Section: "end-reload/MenuInfoRegistryImpl/" done in 146.7 μs
[02:07:51] [main/TRACE] [REI] [REIServerPlugin END] Reloading Section: "end-reload/SlotAccessorRegistryImpl/"
[02:07:51] [main/DEBUG] [REI] Registered 2 slot accessor serializers
[02:07:51] [main/TRACE] [REI] [REIServerPlugin END] Reloading Section: "end-reload/SlotAccessorRegistryImpl/" done in 141.6 μs
[02:07:51] [main/TRACE] [REI] [REIServerPlugin END] Reloading Section: "end-reload/" done in 524.9 μs
[02:07:51] [main/DEBUG] [REI] ========================================
[02:07:51] [main/DEBUG] [REI] REIServerPlugin ended main-reload for END in 5.912 ms.
[02:07:51] [main/DEBUG] [REI] ========================================
[02:07:51] [main/DEBUG] [REI] ========================================
[02:07:51] [main/DEBUG] [REI] REIPlugin starting post-reload for END.
[02:07:51] [main/DEBUG] [REI] Reloadables (7):
[02:07:51] [main/DEBUG] [REI]  - EntryTypeRegistryImpl
[02:07:51] [main/DEBUG] [REI]  - EntrySettingsAdapterRegistryImpl
[02:07:51] [main/DEBUG] [REI]  - RecipeManagerContextImpl
[02:07:51] [main/DEBUG] [REI]  - ItemComparatorRegistryImpl
[02:07:51] [main/DEBUG] [REI]  - FluidComparatorRegistryImpl
[02:07:51] [main/DEBUG] [REI]  - DisplaySerializerRegistryImpl
[02:07:51] [main/DEBUG] [REI]  - FluidSupportProviderImpl
[02:07:51] [main/DEBUG] [REI] Plugins (2):
[02:07:51] [main/DEBUG] [REI]  - (-100.00) DefaultPluginImpl of DefaultPluginImpl [roughlyenoughitems]
[02:07:51] [main/DEBUG] [REI]  - (0.00) DefaultRuntimePlugin of DefaultRuntimePlugin [roughlyenoughitems]
[02:07:51] [main/DEBUG] [REI] ========================================
[02:07:51] [main/TRACE] [REI] [REIPlugin END] Reloading Section: "post-register/"
[02:07:51] [main/TRACE] [REI] [REIPlugin END] Reloading Section: "post-register/DefaultPluginImpl of DefaultPluginImpl [roughlyenoughitems]/"
[02:07:51] [main/TRACE] [REI] [REIPlugin END] Reloading Section: "post-register/DefaultPluginImpl of DefaultPluginImpl [roughlyenoughitems]/" done in 56.45 μs
[02:07:51] [main/TRACE] [REI] [REIPlugin END] Reloading Section: "post-register/DefaultRuntimePlugin of DefaultRuntimePlugin [roughlyenoughitems]/"
[02:07:51] [main/TRACE] [REI] [REIPlugin END] Reloading Section: "post-register/DefaultRuntimePlugin of DefaultRuntimePlugin [roughlyenoughitems]/" done in 66.52 μs
[02:07:51] [main/TRACE] [REI] [REIPlugin END] Reloading Section: "post-register/" done in 433.4 μs
[02:07:51] [main/TRACE] [REI] [REIPlugin END] Reloading Section: "post-stage/"
[02:07:51] [main/TRACE] [REI] [REIPlugin END] Reloading Section: "post-stage/EntryTypeRegistryImpl/"
[02:07:51] [main/TRACE] [REI] [REIPlugin END] Reloading Section: "post-stage/EntryTypeRegistryImpl/" done in 33.50 μs
[02:07:51] [main/TRACE] [REI] [REIPlugin END] Reloading Section: "post-stage/EntrySettingsAdapterRegistryImpl/"
[02:07:51] [main/TRACE] [REI] [REIPlugin END] Reloading Section: "post-stage/EntrySettingsAdapterRegistryImpl/" done in 32.90 μs
[02:07:51] [main/TRACE] [REI] [REIPlugin END] Reloading Section: "post-stage/RecipeManagerContextImpl/"
[02:07:51] [main/TRACE] [REI] [REIPlugin END] Reloading Section: "post-stage/RecipeManagerContextImpl/" done in 39.09 μs
[02:07:51] [main/TRACE] [REI] [REIPlugin END] Reloading Section: "post-stage/ItemComparatorRegistryImpl/"
[02:07:51] [main/TRACE] [REI] [REIPlugin END] Reloading Section: "post-stage/ItemComparatorRegistryImpl/" done in 65.90 μs
[02:07:51] [main/TRACE] [REI] [REIPlugin END] Reloading Section: "post-stage/FluidComparatorRegistryImpl/"
[02:07:51] [main/TRACE] [REI] [REIPlugin END] Reloading Section: "post-stage/FluidComparatorRegistryImpl/" done in 42.85 μs
[02:07:51] [main/TRACE] [REI] [REIPlugin END] Reloading Section: "post-stage/DisplaySerializerRegistryImpl/"
[02:07:51] [main/TRACE] [REI] [REIPlugin END] Reloading Section: "post-stage/DisplaySerializerRegistryImpl/" done in 63.01 μs
[02:07:51] [main/TRACE] [REI] [REIPlugin END] Reloading Section: "post-stage/FluidSupportProviderImpl/"
[02:07:51] [main/TRACE] [REI] [REIPlugin END] Reloading Section: "post-stage/FluidSupportProviderImpl/" done in 38.22 μs
[02:07:51] [main/TRACE] [REI] [REIPlugin END] Reloading Section: "post-stage/" done in 972.3 μs
[02:07:51] [main/DEBUG] [REI] ========================================
[02:07:51] [main/INFO] [REI] REIPlugin finished post-reload for END in 1.551 ms, totaling 31.49 ms.
[02:07:51] [main/DEBUG] [REI] ========================================
[02:07:51] [main/DEBUG] [REI] ========================================
[02:07:51] [main/DEBUG] [REI] REIServerPlugin starting post-reload for END.
[02:07:51] [main/DEBUG] [REI] Reloadables (2):
[02:07:51] [main/DEBUG] [REI]  - MenuInfoRegistryImpl
[02:07:51] [main/DEBUG] [REI]  - SlotAccessorRegistryImpl
[02:07:51] [main/DEBUG] [REI] Plugins (2):
[02:07:51] [main/DEBUG] [REI]  - (-100.00) DefaultPluginImpl of DefaultPluginImpl [roughlyenoughitems]
[02:07:51] [main/DEBUG] [REI]  - (0.00) DefaultRuntimePlugin of DefaultRuntimePlugin [roughlyenoughitems]
[02:07:51] [main/DEBUG] [REI] ========================================
[02:07:51] [main/TRACE] [REI] [REIServerPlugin END] Reloading Section: "post-register/"
[02:07:51] [main/TRACE] [REI] [REIServerPlugin END] Reloading Section: "post-register/DefaultPluginImpl of DefaultPluginImpl [roughlyenoughitems]/"
[02:07:51] [main/TRACE] [REI] [REIServerPlugin END] Reloading Section: "post-register/DefaultPluginImpl of DefaultPluginImpl [roughlyenoughitems]/" done in 41.98 μs
[02:07:51] [main/TRACE] [REI] [REIServerPlugin END] Reloading Section: "post-register/DefaultRuntimePlugin of DefaultRuntimePlugin [roughlyenoughitems]/"
[02:07:51] [main/TRACE] [REI] [REIServerPlugin END] Reloading Section: "post-register/DefaultRuntimePlugin of DefaultRuntimePlugin [roughlyenoughitems]/" done in 46.34 μs
[02:07:51] [main/TRACE] [REI] [REIServerPlugin END] Reloading Section: "post-register/" done in 317.3 μs
[02:07:51] [main/TRACE] [REI] [REIServerPlugin END] Reloading Section: "post-stage/"
[02:07:51] [main/TRACE] [REI] [REIServerPlugin END] Reloading Section: "post-stage/MenuInfoRegistryImpl/"
[02:07:51] [main/TRACE] [REI] [REIServerPlugin END] Reloading Section: "post-stage/MenuInfoRegistryImpl/" done in 35.30 μs
[02:07:51] [main/TRACE] [REI] [REIServerPlugin END] Reloading Section: "post-stage/SlotAccessorRegistryImpl/"
[02:07:51] [main/TRACE] [REI] [REIServerPlugin END] Reloading Section: "post-stage/SlotAccessorRegistryImpl/" done in 41.76 μs
[02:07:51] [main/TRACE] [REI] [REIServerPlugin END] Reloading Section: "post-stage/" done in 293.4 μs
[02:07:51] [main/DEBUG] [REI] ========================================
[02:07:51] [main/INFO] [REI] REIServerPlugin finished post-reload for END in 786.1 μs, totaling 7.895 ms.
[02:07:51] [main/DEBUG] [REI] ========================================
